Arguments: 
  C:\Program Files\nodejs\node.exe C:\Program Files (x86)\Yarn\bin\yarn.js add typescript global

PATH: 
  C:\ProgramData\Oracle\Java\javapath;C:\Program Files (x86)\Common Files\Intel\Shared Files\cpp\bin\Intel64;C:\Program Files (x86)\Intel\iCLS Client\;C:\Program Files\Intel\iCLS Client\;C:\Windows\system32;C:\Windows;C:\Windows\System32\Wbem;C:\Windows\System32\WindowsPowerShell\v1.0\;C:\Program Files\Intel\WiFi\bin\;C:\Program Files\Common Files\Intel\WirelessCommon\;C:\Program Files\Intel\Intel(R) Management Engine Components\DAL;C:\Program Files\Intel\Intel(R) Management Engine Components\IPT;C:\Program Files (x86)\Intel\Intel(R) Management Engine Components\DAL;C:\Program Files (x86)\Intel\Intel(R) Management Engine Components\IPT;c:\Program Files (x86)\Microsoft SQL Server\100\Tools\Binn\;c:\Program Files\Microsoft SQL Server\100\Tools\Binn\;c:\Program Files\Microsoft SQL Server\100\DTS\Binn\;C:\Program Files (x86)\Microsoft SQL Server\80\Tools\Binn\;C:\Program Files\Microsoft SQL Server\110\Tools\Binn\;C:\Program Files (x86)\Microsoft SDKs\TypeScript\1.0\;C:\Program Files\Microsoft SQL Server\120\Tools\Binn\;C:\Program Files (x86)\X-Rite\Devices\Services;C:\Program Files (x86)\X-Rite\Devices\Lib;C:\Program Files (x86)\Windows Kits\8.1\Windows Performance Toolkit\;C:\Program Files (x86)\NVIDIA Corporation\PhysX\Common;C:\Program Files (x86)\WinSCP\;C:\Program Files\Git\cmd;C:\Android\sdk\platform-tools;C:\Program Files\OpenVPN\bin;C:\xampp\php;C:\ProgramData\ComposerSetup\bin;C:\Program Files (x86)\Yarn\bin\;C:\Program Files\Microsoft VS Code\bin;C:\Program Files\nodejs\;C:\Ruby25-x64\bin;C:\Program Files\Intel\WiFi\bin\;C:\Program Files\Common Files\Intel\WirelessCommon\;C:\Program Files (x86)\Java\jre7\bin;C:\mongodb\bin;C:\Users\Damian\AppData\Roaming\Composer\vendor\bin;C:\Program Files\Microsoft VS Code\bin;C:\Users\Damian\AppData\Local\Yarn\bin;C:\Users\Damian\AppData\Local\Programs\Microsoft VS Code\bin;C:\Users\Damian\AppData\Roaming\npm;C:\Program Files\MongoDB\Server\4.0\bin

Yarn version: 
  1.7.0

Node version: 
  10.16.0

Platform: 
  win32 x64

Trace: 
  Error: https://registry.npmjs.org/@project%2fcommon: Not found
      at Request.params.callback [as _callback] (C:\Program Files (x86)\Yarn\lib\cli.js:65656:18)
      at Request.self.callback (C:\Program Files (x86)\Yarn\lib\cli.js:134675:22)
      at Request.emit (events.js:198:13)
      at Request.<anonymous> (C:\Program Files (x86)\Yarn\lib\cli.js:135658:10)
      at Request.emit (events.js:198:13)
      at IncomingMessage.<anonymous> (C:\Program Files (x86)\Yarn\lib\cli.js:135578:12)
      at Object.onceWrapper (events.js:286:20)
      at IncomingMessage.emit (events.js:203:15)
      at endReadableNT (_stream_readable.js:1129:12)
      at process._tickCallback (internal/process/next_tick.js:63:19)

npm manifest: 
  {
    "name": "@project/front",
    "version": "0.1.0",
    "private": true,
    "dependencies": {
      "@project/common": "*",
      "@types/express": "^4.17.1",
      "@types/helmet": "0.0.44",
      "@types/node": "^12.6.8",
      "@types/react": "^16.8.23",
      "@types/react-dom": "^16.8.5",
      "@types/react-redux": "^7.1.1",
      "@types/react-router-dom": "^4.3.4",
      "@types/react-router-redux": "^5.0.18",
      "@types/reactstrap": "^8.0.1",
      "express": "^4.17.1",
      "helmet": "^3.21.0",
      "react": "^16.8.6",
      "react-dom": "^16.8.6",
      "react-redux": "^7.1.0",
      "react-router-dom": "^5.0.1",
      "react-router-redux": "^4.0.8",
      "react-scripts": "3.0.1",
      "reactstrap": "^8.0.1",
      "redux": "^4.0.4",
      "redux-devtools-extension": "^2.13.8",
      "redux-form": "^8.2.4",
      "redux-thunk": "^2.3.0",
      "save-dev": "^2.0.0",
      "typescript": "^3.5.3"
    },
    "scripts": {
      "start": "react-scripts start",
      "build": "react-scripts build",
      "test": "react-scripts test ",
      "eject": "react-scripts eject",
      "clear": "rm -rf reports/ screenshots/ *.log",
      "clear:all": "rm -rf node_modules/ && npm run clear"
    },
    "eslintConfig": {
      "extends": "react-app"
    },
    "devDependencies": {
      "lerna": "^3.16.4"
    }
  }

yarn manifest: 
  No manifest

Lockfile: 
  No lockfile
